<?xml version="1.0" encoding="UTF-8"?>
<!-- Generated by org.testng.reporters.JUnitXMLReporter -->
<testsuite hostname="DESKTOP-EGAOT9N" ignored="0" name="Test1" tests="1" failures="1" timestamp="26 Nov 2019 16:37:50 GMT" time="44.978" errors="0">
  <testcase name="supplier" time="37.925" classname="com.techouts.fanniemae.testcases.NewSupplierReg">
    <failure type="com.techouts.fanniemae.exceptions.WebElementOperationException" message="Error occurred while performing drop down by TextVisibility[owner] on WebElement:[[ChromeDriver: chrome on XP (af029b9a55a8afac8aa7d27c52058e3d)] -&amp;gt; id: body_x_txtFunction_x_txtFunctionen]">
      <![CDATA[com.techouts.fanniemae.exceptions.WebElementOperationException: Error occurred while performing drop down by TextVisibility[owner] on WebElement:[[ChromeDriver: chrome on XP (af029b9a55a8afac8aa7d27c52058e3d)] -> id: body_x_txtFunction_x_txtFunctionen]
at com.techouts.fanniemae.webelement.ops.WebElementOperations.throwWebElementOperationException(WebElementOperations.java:212)
at com.techouts.fanniemae.webelement.ops.WebElementOperations.dropDownByTextVisibility(WebElementOperations.java:157)
at com.techouts.fanniemae.testcases.NewSupplierReg.supplier(NewSupplierReg.java:46)
Caused by: org.openqa.selenium.support.ui.UnexpectedTagNameException: Element should have been "select" but was "input"
Build info: version: '3.141.59', revision: 'e82be7d358', time: '2018-11-14T08:17:03'
System info: host: 'DESKTOP-EGAOT9N', ip: '192.168.29.210', os.name: 'Windows 10', os.arch: 'amd64', os.version: '10.0', java.version: '1.8.0_131'
Driver info: driver.version: unknown
at org.openqa.selenium.support.ui.Select.<init>(Select.java:48)
at com.techouts.fanniemae.webelement.ops.WebElementOperations.dropDownByTextVisibility(WebElementOperations.java:154)
... 26 more
... Removed 25 stack frames]]>
    </failure>
  </testcase> <!-- supplier -->
</testsuite> <!-- Test1 -->
