<!DOCTYPE html PUBLIC "-//W3C//DTD XHTML 1.1//EN" "http://www.w3.org/TR/xhtml11/DTD/xhtml11.dtd">
<html xmlns="http://www.w3.org/1999/xhtml">
<head>
<meta http-equiv="content-type" content="text/html; charset=UTF-8"/>
<title>TestNG Report</title>
<style type="text/css">table {margin-bottom:10px;border-collapse:collapse;empty-cells:show}th,td {border:1px solid #009;padding:.25em .5em}th {vertical-align:bottom}td {vertical-align:top}table a {font-weight:bold}.stripe td {background-color: #E6EBF9}.num {text-align:right}.passedodd td {background-color: #3F3}.passedeven td {background-color: #0A0}.skippedodd td {background-color: #DDD}.skippedeven td {background-color: #CCC}.failedodd td,.attn {background-color: #F33}.failedeven td,.stripe .attn {background-color: #D00}.stacktrace {white-space:pre;font-family:monospace}.totop {font-size:85%;text-align:center;border-bottom:2px solid #000}.invisible {display:none}</style>
</head>
<body>
<table>
<tr><th>Test</th><th># Passed</th><th># Skipped</th><th># Failed</th><th>Time (ms)</th><th>Included Groups</th><th>Excluded Groups</th></tr>
<tr><th colspan="7">Suite</th></tr>
<tr><td><a href="#t0">Test1</a></td><td class="num">0</td><td class="num">0</td><td class="num attn">1</td><td class="num">44,978</td><td></td><td></td></tr>
</table>
<table id='summary'><thead><tr><th>Class</th><th>Method</th><th>Start</th><th>Time (ms)</th></tr></thead><tbody><tr><th colspan="4">Suite</th></tr></tbody><tbody id="t0"><tr><th colspan="4">Test1 &#8212; failed</th></tr><tr class="failedeven"><td rowspan="1">com.techouts.fanniemae.testcases.NewSupplierReg</td><td><a href="#m0">supplier</a></td><td rowspan="1">1574786228127</td><td rowspan="1">37925</td></tr></tbody>
</table>
<h2>Test1</h2><h3 id="m0">com.techouts.fanniemae.testcases.NewSupplierReg#supplier</h3><table class="result"><tr><th>Exception</th></tr><tr><td><div class="stacktrace">com.techouts.fanniemae.exceptions.WebElementOperationException: Error occurred while performing drop down by TextVisibility[owner] on WebElement:[[ChromeDriver: chrome on XP (af029b9a55a8afac8aa7d27c52058e3d)] -&gt; id: body_x_txtFunction_x_txtFunctionen]
	at com.techouts.fanniemae.webelement.ops.WebElementOperations.throwWebElementOperationException(WebElementOperations.java:212)
	at com.techouts.fanniemae.webelement.ops.WebElementOperations.dropDownByTextVisibility(WebElementOperations.java:157)
	at com.techouts.fanniemae.testcases.NewSupplierReg.supplier(NewSupplierReg.java:46)
Caused by: org.openqa.selenium.support.ui.UnexpectedTagNameException: Element should have been &quot;select&quot; but was &quot;input&quot;
Build info: version: &apos;3.141.59&apos;, revision: &apos;e82be7d358&apos;, time: &apos;2018-11-14T08:17:03&apos;
System info: host: &apos;DESKTOP-EGAOT9N&apos;, ip: &apos;192.168.29.210&apos;, os.name: &apos;Windows 10&apos;, os.arch: &apos;amd64&apos;, os.version: &apos;10.0&apos;, java.version: &apos;1.8.0_131&apos;
Driver info: driver.version: unknown
	at org.openqa.selenium.support.ui.Select.&lt;init&gt;(Select.java:48)
	at com.techouts.fanniemae.webelement.ops.WebElementOperations.dropDownByTextVisibility(WebElementOperations.java:154)
	... 26 more
... Removed 25 stack frames</div></td></tr></table><p class="totop"><a href="#summary">back to summary</a></p>
</body>
</html>
