<?xml version="1.0" encoding="UTF-8"?>
<testng-results skipped="0" failed="1" ignored="0" total="1" passed="0">
  <reporter-output>
  </reporter-output>
  <suite name="Suite" duration-ms="44978" started-at="2019-11-26T16:37:01Z" finished-at="2019-11-26T16:37:46Z">
    <groups>
    </groups>
    <test name="Test1" duration-ms="44978" started-at="2019-11-26T16:37:01Z" finished-at="2019-11-26T16:37:46Z">
      <class name="com.techouts.fanniemae.testcases.NewSupplierReg">
        <test-method status="PASS" signature="beforeSuite()[pri:0, instance:com.techouts.fanniemae.testcases.NewSupplierReg@6ee660fb]" name="beforeSuite" is-config="true" duration-ms="2522" started-at="2019-11-26T16:36:58Z" finished-at="2019-11-26T16:37:01Z">
          <reporter-output>
          </reporter-output>
        </test-method> <!-- beforeSuite -->
        <test-method status="PASS" signature="beforeClass()[pri:0, instance:com.techouts.fanniemae.testcases.NewSupplierReg@6ee660fb]" name="beforeClass" is-config="true" duration-ms="3" started-at="2019-11-26T16:37:08Z" finished-at="2019-11-26T16:37:08Z">
          <reporter-output>
          </reporter-output>
        </test-method> <!-- beforeClass -->
        <test-method status="FAIL" signature="supplier()[pri:0, instance:com.techouts.fanniemae.testcases.NewSupplierReg@6ee660fb]" name="supplier" duration-ms="37925" started-at="2019-11-26T16:37:08Z" finished-at="2019-11-26T16:37:46Z">
          <exception class="com.techouts.fanniemae.exceptions.WebElementOperationException">
            <message>
              <![CDATA[Error occurred while performing drop down by TextVisibility[owner] on WebElement:[[ChromeDriver: chrome on XP (af029b9a55a8afac8aa7d27c52058e3d)] -> id: body_x_txtFunction_x_txtFunctionen]]]>
            </message>
            <full-stacktrace>
              <![CDATA[com.techouts.fanniemae.exceptions.WebElementOperationException: Error occurred while performing drop down by TextVisibility[owner] on WebElement:[[ChromeDriver: chrome on XP (af029b9a55a8afac8aa7d27c52058e3d)] -> id: body_x_txtFunction_x_txtFunctionen]
at com.techouts.fanniemae.webelement.ops.WebElementOperations.throwWebElementOperationException(WebElementOperations.java:212)
at com.techouts.fanniemae.webelement.ops.WebElementOperations.dropDownByTextVisibility(WebElementOperations.java:157)
at com.techouts.fanniemae.testcases.NewSupplierReg.supplier(NewSupplierReg.java:46)
at sun.reflect.NativeMethodAccessorImpl.invoke0(Native Method)
at sun.reflect.NativeMethodAccessorImpl.invoke(NativeMethodAccessorImpl.java:62)
at sun.reflect.DelegatingMethodAccessorImpl.invoke(DelegatingMethodAccessorImpl.java:43)
at java.lang.reflect.Method.invoke(Method.java:498)
at org.testng.internal.MethodInvocationHelper.invokeMethod(MethodInvocationHelper.java:124)
at org.testng.internal.Invoker.invokeMethod(Invoker.java:583)
at org.testng.internal.Invoker.invokeTestMethod(Invoker.java:719)
at org.testng.internal.Invoker.invokeTestMethods(Invoker.java:989)
at org.testng.internal.TestMethodWorker.invokeTestMethods(TestMethodWorker.java:125)
at org.testng.internal.TestMethodWorker.run(TestMethodWorker.java:109)
at org.testng.TestRunner.privateRun(TestRunner.java:648)
at org.testng.TestRunner.run(TestRunner.java:505)
at org.testng.SuiteRunner.runTest(SuiteRunner.java:455)
at org.testng.SuiteRunner.runSequentially(SuiteRunner.java:450)
at org.testng.SuiteRunner.privateRun(SuiteRunner.java:415)
at org.testng.SuiteRunner.run(SuiteRunner.java:364)
at org.testng.SuiteRunnerWorker.runSuite(SuiteRunnerWorker.java:52)
at org.testng.SuiteRunnerWorker.run(SuiteRunnerWorker.java:84)
at org.testng.TestNG.runSuitesSequentially(TestNG.java:1208)
at org.testng.TestNG.runSuitesLocally(TestNG.java:1137)
at org.testng.TestNG.runSuites(TestNG.java:1049)
at org.testng.TestNG.run(TestNG.java:1017)
at org.testng.remote.AbstractRemoteTestNG.run(AbstractRemoteTestNG.java:115)
at org.testng.remote.RemoteTestNG.initAndRun(RemoteTestNG.java:251)
at org.testng.remote.RemoteTestNG.main(RemoteTestNG.java:77)
Caused by: org.openqa.selenium.support.ui.UnexpectedTagNameException: Element should have been "select" but was "input"
Build info: version: '3.141.59', revision: 'e82be7d358', time: '2018-11-14T08:17:03'
System info: host: 'DESKTOP-EGAOT9N', ip: '192.168.29.210', os.name: 'Windows 10', os.arch: 'amd64', os.version: '10.0', java.version: '1.8.0_131'
Driver info: driver.version: unknown
at org.openqa.selenium.support.ui.Select.<init>(Select.java:48)
at com.techouts.fanniemae.webelement.ops.WebElementOperations.dropDownByTextVisibility(WebElementOperations.java:154)
... 26 more
]]>
            </full-stacktrace>
          </exception> <!-- com.techouts.fanniemae.exceptions.WebElementOperationException -->
          <reporter-output>
          </reporter-output>
        </test-method> <!-- supplier -->
        <test-method status="PASS" signature="afterClass()[pri:0, instance:com.techouts.fanniemae.testcases.NewSupplierReg@6ee660fb]" name="afterClass" is-config="true" duration-ms="2" started-at="2019-11-26T16:37:46Z" finished-at="2019-11-26T16:37:46Z">
          <reporter-output>
          </reporter-output>
        </test-method> <!-- afterClass -->
        <test-method status="PASS" signature="afterSuite()[pri:0, instance:com.techouts.fanniemae.testcases.NewSupplierReg@6ee660fb]" name="afterSuite" is-config="true" duration-ms="11886" started-at="2019-11-26T16:37:51Z" finished-at="2019-11-26T16:38:03Z">
          <reporter-output>
          </reporter-output>
        </test-method> <!-- afterSuite -->
      </class> <!-- com.techouts.fanniemae.testcases.NewSupplierReg -->
    </test> <!-- Test1 -->
  </suite> <!-- Suite -->
</testng-results>
