<?xml version="1.0" encoding="UTF-8"?>
<!-- Generated by org.testng.reporters.JUnitReportReporter -->
<testsuite skipped="0" hostname="DESKTOP-EGAOT9N" name="com.techouts.fanniemae.testcases.NewSupplierReg" tests="1" failures="0" timestamp="26 Nov 2019 16:38:06 GMT" time="37.925" errors="1">
  <testcase name="supplier" time="37.925" classname="com.techouts.fanniemae.testcases.NewSupplierReg">
    <error type="com.techouts.fanniemae.exceptions.WebElementOperationException" message="Error occurred while performing drop down by TextVisibility[owner] on WebElement:[[ChromeDriver: chrome on XP (af029b9a55a8afac8aa7d27c52058e3d)] -&gt; id: body_x_txtFunction_x_txtFunctionen]">
      <![CDATA[com.techouts.fanniemae.exceptions.WebElementOperationException: Error occurred while performing drop down by TextVisibility[owner] on WebElement:[[ChromeDriver: chrome on XP (af029b9a55a8afac8aa7d27c52058e3d)] -> id: body_x_txtFunction_x_txtFunctionen]
at com.techouts.fanniemae.webelement.ops.WebElementOperations.throwWebElementOperationException(WebElementOperations.java:212)
at com.techouts.fanniemae.webelement.ops.WebElementOperations.dropDownByTextVisibility(WebElementOperations.java:157)
at com.techouts.fanniemae.testcases.NewSupplierReg.supplier(NewSupplierReg.java:46)
at sun.reflect.NativeMethodAccessorImpl.invoke0(Native Method)
at sun.reflect.NativeMethodAccessorImpl.invoke(NativeMethodAccessorImpl.java:62)
at sun.reflect.DelegatingMethodAccessorImpl.invoke(DelegatingMethodAccessorImpl.java:43)
at java.lang.reflect.Method.invoke(Method.java:498)
at org.testng.internal.MethodInvocationHelper.invokeMethod(MethodInvocationHelper.java:124)
at org.testng.internal.Invoker.invokeMethod(Invoker.java:583)
at org.testng.internal.Invoker.invokeTestMethod(Invoker.java:719)
at org.testng.internal.Invoker.invokeTestMethods(Invoker.java:989)
at org.testng.internal.TestMethodWorker.invokeTestMethods(TestMethodWorker.java:125)
at org.testng.internal.TestMethodWorker.run(TestMethodWorker.java:109)
at org.testng.TestRunner.privateRun(TestRunner.java:648)
at org.testng.TestRunner.run(TestRunner.java:505)
at org.testng.SuiteRunner.runTest(SuiteRunner.java:455)
at org.testng.SuiteRunner.runSequentially(SuiteRunner.java:450)
at org.testng.SuiteRunner.privateRun(SuiteRunner.java:415)
at org.testng.SuiteRunner.run(SuiteRunner.java:364)
at org.testng.SuiteRunnerWorker.runSuite(SuiteRunnerWorker.java:52)
at org.testng.SuiteRunnerWorker.run(SuiteRunnerWorker.java:84)
at org.testng.TestNG.runSuitesSequentially(TestNG.java:1208)
at org.testng.TestNG.runSuitesLocally(TestNG.java:1137)
at org.testng.TestNG.runSuites(TestNG.java:1049)
at org.testng.TestNG.run(TestNG.java:1017)
at org.testng.remote.AbstractRemoteTestNG.run(AbstractRemoteTestNG.java:115)
at org.testng.remote.RemoteTestNG.initAndRun(RemoteTestNG.java:251)
at org.testng.remote.RemoteTestNG.main(RemoteTestNG.java:77)
Caused by: org.openqa.selenium.support.ui.UnexpectedTagNameException: Element should have been "select" but was "input"
Build info: version: '3.141.59', revision: 'e82be7d358', time: '2018-11-14T08:17:03'
System info: host: 'DESKTOP-EGAOT9N', ip: '192.168.29.210', os.name: 'Windows 10', os.arch: 'amd64', os.version: '10.0', java.version: '1.8.0_131'
Driver info: driver.version: unknown
at org.openqa.selenium.support.ui.Select.<init>(Select.java:48)
at com.techouts.fanniemae.webelement.ops.WebElementOperations.dropDownByTextVisibility(WebElementOperations.java:154)
... 26 more
]]>
    </error>
  </testcase> <!-- supplier -->
</testsuite> <!-- com.techouts.fanniemae.testcases.NewSupplierReg -->
